f:\c_project\c_project\debug\vc140.pdb
f:\c_project\c_project\debug\vc140.idb
f:\c_project\c_project\debug\hello.obj
f:\c_project\c_project\debug\partb.obj
f:\c_project\c_project\debug\hotel.obj
f:\c_project\c_project\debug\x.obj
f:\c_project\c_project\debug\maximumsubsequence.obj
f:\c_project\c_project\debug\diversetwo.obj
f:\c_project\c_project\debug\test.obj
f:\c_project\c_project\debug\binarysearch.obj
f:\c_project\c_project\debug\mergelinks.obj
f:\c_project\c_project\debug\yiyuanduoxiangshi.obj
f:\c_project\c_project\debug\reversinglinkedlist.obj
f:\c_project\c_project\debug\popsequence.obj
f:\c_project\c_project\debug\tree.obj
f:\c_project\c_project\debug\tree_base.obj
f:\c_project\c_project\debug\tree_isomorphism.obj
f:\c_project\c_project\debug\treetraversalsagain.obj
f:\c_project\c_project\debug\tree2_base.obj
f:\c_project\c_project\debug\val.obj
f:\c_project\c_project\debug\c_project.res
f:\c_project\c_project\debug\hello.obj.enc
f:\c_project\c_project\debug\reversinglinkedlist.obj.enc
f:\c_project\c_project\debug\test.obj.enc
f:\c_project\c_project\debug\tree.obj.enc
f:\c_project\c_project\debug\tree2_base.obj.enc
f:\c_project\c_project\debug\treetraversalsagain.obj.enc
f:\c_project\c_project\debug\tree_base.obj.enc
f:\c_project\c_project\debug\yiyuanduoxiangshi.obj.enc
f:\c_project\debug\c_project.pdb
f:\c_project\c_project\debug\c_project.tlog\cl.command.1.tlog
f:\c_project\c_project\debug\c_project.tlog\cl.read.1.tlog
f:\c_project\c_project\debug\c_project.tlog\cl.write.1.tlog
f:\c_project\c_project\debug\c_project.tlog\link.102952-cvtres.read.1.tlog
f:\c_project\c_project\debug\c_project.tlog\link.102952-cvtres.write.1.tlog
f:\c_project\c_project\debug\c_project.tlog\link.102952-rc.read.1.tlog
f:\c_project\c_project\debug\c_project.tlog\link.102952-rc.write.1.tlog
f:\c_project\c_project\debug\c_project.tlog\link.102952.read.1.tlog
f:\c_project\c_project\debug\c_project.tlog\link.102952.write.1.tlog
f:\c_project\c_project\debug\c_project.tlog\link.command.1.tlog
f:\c_project\c_project\debug\c_project.tlog\link.read.1.tlog
f:\c_project\c_project\debug\c_project.tlog\link.write.1.tlog
f:\c_project\c_project\debug\c_project.tlog\rc.command.1.tlog
f:\c_project\c_project\debug\c_project.tlog\rc.read.1.tlog
f:\c_project\c_project\debug\c_project.tlog\rc.write.1.tlog
